build/app/outputs/mapping/release/usage.txt
com.google.common.collect.ImmutableRangeSet$AsSet
com.google.common.collect.MutableClassToInstanceMap
com.google.common.io.BaseEncoding$StandardBaseEncoding$2
androidx.lifecycle.ClassesInfoCache$CallbackInfo:
    void <init>(java.util.Map)
    private static void invokeMethodsForEvent(java.util.List,androidx.lifecycle.LifecycleOwner,androidx.lifecycle.Lifecycle$Event,java.lang.Object)
    final java.util.Map mEventToHandlers
    final java.util.Map mHandlerToEvent
com.google.common.collect.DenseImmutableTable$1
com.google.common.reflect.ImmutableTypeToInstanceMap$Builder
com.google.common.collect.CompactLinkedHashMap
com.google.common.util.concurrent.ForwardingListenableFuture
androidx.core.text.util.LinkifyCompat$1
com.google.common.collect.MapMakerInternalMap$Strength
com.google.common.util.concurrent.SmoothRateLimiter$SmoothWarmingUp
com.google.common.base.CharMatcher$Negated
com.google.common.collect.MultimapBuilder$MultimapBuilderWithKeys$2
androidx.core.util.Pools
androidx.annotation.MenuRes
com.google.common.base.Splitter$2
com.google.common.base.Predicates$AndPredicate
com.google.common.util.concurrent.UncheckedExecutionException
com.google.common.collect.Cut$BelowValue
io.flutter.plugin.platform.PlatformViewRegistry:
    public abstract boolean registerViewFactory(java.lang.String,io.flutter.plugin.platform.PlatformViewFactory)
com.google.common.cache.CacheLoader$FunctionToCacheLoader
kotlin.UByteArrayKt
javax.annotation.concurrent.Immutable
com.google.common.reflect.AbstractInvocationHandler
kotlin.collections.MapsKt__MapWithDefaultKt
kotlin.text.StringsKt__StringsKt$rangesDelimitedBy$2
kotlin.ranges.CharProgression$Companion
kotlin.comparisons.ComparisonsKt__ComparisonsKt$compareBy$3
com.google.common.collect.ForwardingNavigableMap$StandardDescendingMap
com.google.common.io.ByteSource
kotlin.coroutines.EmptyCoroutineContext
com.google.common.collect.Synchronized$SynchronizedTable$1
com.google.common.collect.LinkedHashMultimap$ValueSet
androidx.lifecycle.ComputableLiveData
com.google.common.util.concurrent.FluentFuture$TrustedFuture
kotlin.coroutines.jvm.internal.DebugMetadata
com.google.common.collect.Maps$4
com.google.common.collect.TreeRangeMap$SubRangeMap$SubRangeMapAsMap$3
androidx.core.graphics.drawable.RoundedBitmapDrawableFactory$DefaultRoundedBitmapDrawable
kotlin.ranges.ULongProgression$Companion
javax.annotation.RegEx$Checker
com.google.common.cache.AbstractCache$StatsCounter
kotlin.InitializedLazyImpl
javax.annotation.Tainted
com.google.common.collect.TreeRangeMap$SubRangeMap$1$1
com.google.common.math.StatsAccumulator
androidx.core.app.JobIntentService$CommandProcessor
com.google.common.graph.ConfigurableMutableGraph
com.google.common.util.concurrent.Striped$WeakSafeLock
androidx.core.provider.FontsContractCompat$5
com.google.common.collect.CartesianList
com.google.common.collect.SortedMultiset
androidx.core.view.inputmethod.InputContentInfoCompat$InputContentInfoCompatImpl
androidx.core.view.accessibility.AccessibilityNodeProviderCompat
com.google.common.collect.MultimapBuilder$1
androidx.annotation.AnimatorRes
androidx.versionedparcelable.ParcelField
androidx.fragment.app.Fragment$OnStartEnterTransitionListener
com.google.common.graph.Traverser$GraphTraverser
com.google.common.cache.RemovalListeners$1
kotlin.time.AbstractDoubleClock$DoubleClockMark
com.google.common.collect.Maps$11
com.google.common.math.Quantiles
com.google.common.collect.Maps$NavigableKeySet
kotlin.internal.DynamicExtension
androidx.collection.ArraySet$1
com.google.common.base.Equivalence
androidx.core.provider.FontsContractCompat$FontRequestCallback
kotlin.jvm.internal.FunctionReferenceImpl
kotlin.UByteArray
androidx.core.app.NotificationManagerCompat$SideChannelManager$ListenerRecord
com.google.common.collect.ClassToInstanceMap
com.google.common.util.concurrent.FuturesGetChecked$GetCheckedTypeValidatorHolder$WeakSetValidator
com.google.common.hash.AbstractStreamingHasher
com.google.common.cache.Weigher